TN:
SF:src/modules/appointments/services/CreateAppointment/CreateAppointmentService.ts
FN:16,(anonymous_5)
FN:21,(anonymous_6)
FNF:2
FNH:2
FNDA:2,(anonymous_5)
FNDA:3,(anonymous_6)
DA:1,1
DA:2,1
DA:4,1
DA:15,1
DA:18,2
DA:22,3
DA:24,3
DA:26,3
DA:27,1
DA:30,2
DA:32,2
LF:11
LH:11
BRDA:26,0,0,1
BRDA:26,0,1,2
BRF:2
BRH:2
end_of_record
TN:
SF:src/modules/users/services/CreateUser/CreateUserService.ts
FN:16,(anonymous_5)
FN:24,(anonymous_6)
FNF:2
FNH:2
FNDA:5,(anonymous_5)
FNDA:5,(anonymous_6)
DA:1,2
DA:2,2
DA:15,2
DA:18,5
DA:21,5
DA:25,5
DA:27,5
DA:28,1
DA:31,4
DA:33,4
DA:39,4
LF:11
LH:11
BRDA:27,0,0,1
BRDA:27,0,1,4
BRF:2
BRH:2
end_of_record
TN:
SF:src/modules/users/services/UpdateAvatar/UpdateAvatarService.ts
FN:18,(anonymous_5)
FN:23,(anonymous_6)
FNF:2
FNH:0
FNDA:0,(anonymous_5)
FNDA:0,(anonymous_6)
DA:1,0
DA:2,0
DA:3,0
DA:5,0
DA:6,0
DA:17,0
DA:20,0
DA:24,0
DA:26,0
DA:27,0
DA:30,0
DA:31,0
DA:33,0
DA:35,0
DA:36,0
DA:40,0
DA:42,0
DA:44,0
LF:18
LH:0
BRDA:26,0,0,0
BRDA:26,0,1,0
BRDA:30,1,0,0
BRDA:30,1,1,0
BRDA:35,2,0,0
BRDA:35,2,1,0
BRF:6
BRH:0
end_of_record
TN:
SF:src/shared/middlewares/sessions/services/CreateSession/CreateSessionService.ts
FN:23,(anonymous_5)
FN:31,(anonymous_6)
FNF:2
FNH:2
FNDA:3,(anonymous_5)
FNDA:3,(anonymous_6)
DA:1,1
DA:2,1
DA:4,1
DA:6,1
DA:22,1
DA:25,3
DA:28,3
DA:32,3
DA:34,3
DA:35,1
DA:38,2
DA:39,2
DA:40,1
DA:43,1
DA:44,1
DA:49,1
LF:16
LH:16
BRDA:34,0,0,1
BRDA:34,0,1,2
BRDA:39,1,0,1
BRDA:39,1,1,1
BRF:4
BRH:4
end_of_record
